[0.840s] Invoking command in '/home/tony/ros/learn/ros_ardu/src/robo_bringup': PYTHONPATH=/home/tony/ros/learn/ros_ardu/build/robo_bringup/prefix_override:/home/tony/ros/learn/ros_ardu/install/robo_bringup/lib/python3.10/site-packages:${PYTHONPATH} /usr/bin/python3 -W ignore:setup.py install is deprecated setup.py egg_info --egg-base ../../build/robo_bringup build --build-base /home/tony/ros/learn/ros_ardu/build/robo_bringup/build install --record /home/tony/ros/learn/ros_ardu/build/robo_bringup/install.log --single-version-externally-managed install_data
[1.000s] running egg_info
[1.001s] writing ../../build/robo_bringup/robo_bringup.egg-info/PKG-INFO
[1.001s] writing dependency_links to ../../build/robo_bringup/robo_bringup.egg-info/dependency_links.txt
[1.001s] writing entry points to ../../build/robo_bringup/robo_bringup.egg-info/entry_points.txt
[1.001s] writing requirements to ../../build/robo_bringup/robo_bringup.egg-info/requires.txt
[1.001s] writing top-level names to ../../build/robo_bringup/robo_bringup.egg-info/top_level.txt
[1.002s] reading manifest file '../../build/robo_bringup/robo_bringup.egg-info/SOURCES.txt'
[1.003s] writing manifest file '../../build/robo_bringup/robo_bringup.egg-info/SOURCES.txt'
[1.003s] running build
[1.003s] running build_py
[1.003s] running install
[1.003s] running install_lib
[1.004s] running install_data
[1.004s] copying launch/bringup.launch.py -> /home/tony/ros/learn/ros_ardu/install/robo_bringup/share/robo_bringup/launch
[1.004s] running install_egg_info
[1.006s] removing '/home/tony/ros/learn/ros_ardu/install/robo_bringup/lib/python3.10/site-packages/robo_bringup-0.0.0-py3.10.egg-info' (and everything under it)
[1.007s] Copying ../../build/robo_bringup/robo_bringup.egg-info to /home/tony/ros/learn/ros_ardu/install/robo_bringup/lib/python3.10/site-packages/robo_bringup-0.0.0-py3.10.egg-info
[1.007s] running install_scripts
[1.023s] writing list of installed files to '/home/tony/ros/learn/ros_ardu/build/robo_bringup/install.log'
[1.041s] Invoked command in '/home/tony/ros/learn/ros_ardu/src/robo_bringup' returned '0': PYTHONPATH=/home/tony/ros/learn/ros_ardu/build/robo_bringup/prefix_override:/home/tony/ros/learn/ros_ardu/install/robo_bringup/lib/python3.10/site-packages:${PYTHONPATH} /usr/bin/python3 -W ignore:setup.py install is deprecated setup.py egg_info --egg-base ../../build/robo_bringup build --build-base /home/tony/ros/learn/ros_ardu/build/robo_bringup/build install --record /home/tony/ros/learn/ros_ardu/build/robo_bringup/install.log --single-version-externally-managed install_data
