running egg_info
writing ../../build/robo_bringup/robo_bringup.egg-info/PKG-INFO
writing dependency_links to ../../build/robo_bringup/robo_bringup.egg-info/dependency_links.txt
writing entry points to ../../build/robo_bringup/robo_bringup.egg-info/entry_points.txt
writing requirements to ../../build/robo_bringup/robo_bringup.egg-info/requires.txt
writing top-level names to ../../build/robo_bringup/robo_bringup.egg-info/top_level.txt
reading manifest file '../../build/robo_bringup/robo_bringup.egg-info/SOURCES.txt'
writing manifest file '../../build/robo_bringup/robo_bringup.egg-info/SOURCES.txt'
running build
running build_py
running install
running install_lib
running install_data
creating /home/tony/ros/learn/ros_ardu/install/robo_bringup/share/robo_bringup/launch
copying launch/bringup.launch.py -> /home/tony/ros/learn/ros_ardu/install/robo_bringup/share/robo_bringup/launch
running install_egg_info
removing '/home/tony/ros/learn/ros_ardu/install/robo_bringup/lib/python3.10/site-packages/robo_bringup-0.0.0-py3.10.egg-info' (and everything under it)
Copying ../../build/robo_bringup/robo_bringup.egg-info to /home/tony/ros/learn/ros_ardu/install/robo_bringup/lib/python3.10/site-packages/robo_bringup-0.0.0-py3.10.egg-info
running install_scripts
writing list of installed files to '/home/tony/ros/learn/ros_ardu/build/robo_bringup/install.log'
