[0.650s] Invoking command in '/home/tony/ros/learn/ros_ardu/src/ros2_arduino_bridge': PYTHONPATH=/home/tony/ros/learn/ros_ardu/build/ros2_arduino_bridge/prefix_override:/home/tony/ros/learn/ros_ardu/install/ros2_arduino_bridge/lib/python3.10/site-packages:${PYTHONPATH} /usr/bin/python3 -W ignore:setup.py install is deprecated setup.py egg_info --egg-base ../../build/ros2_arduino_bridge build --build-base /home/tony/ros/learn/ros_ardu/build/ros2_arduino_bridge/build install --record /home/tony/ros/learn/ros_ardu/build/ros2_arduino_bridge/install.log --single-version-externally-managed install_data
[0.818s] running egg_info
[0.818s] creating ../../build/ros2_arduino_bridge/ros2_arduino_bridge.egg-info
[0.818s] writing ../../build/ros2_arduino_bridge/ros2_arduino_bridge.egg-info/PKG-INFO
[0.818s] writing dependency_links to ../../build/ros2_arduino_bridge/ros2_arduino_bridge.egg-info/dependency_links.txt
[0.818s] writing entry points to ../../build/ros2_arduino_bridge/ros2_arduino_bridge.egg-info/entry_points.txt
[0.819s] writing requirements to ../../build/ros2_arduino_bridge/ros2_arduino_bridge.egg-info/requires.txt
[0.819s] writing top-level names to ../../build/ros2_arduino_bridge/ros2_arduino_bridge.egg-info/top_level.txt
[0.819s] writing manifest file '../../build/ros2_arduino_bridge/ros2_arduino_bridge.egg-info/SOURCES.txt'
[0.820s] reading manifest file '../../build/ros2_arduino_bridge/ros2_arduino_bridge.egg-info/SOURCES.txt'
[0.820s] writing manifest file '../../build/ros2_arduino_bridge/ros2_arduino_bridge.egg-info/SOURCES.txt'
[0.820s] running build
[0.820s] running build_py
[0.820s] creating /home/tony/ros/learn/ros_ardu/build/ros2_arduino_bridge/build
[0.820s] creating /home/tony/ros/learn/ros_ardu/build/ros2_arduino_bridge/build/lib
[0.820s] creating /home/tony/ros/learn/ros_ardu/build/ros2_arduino_bridge/build/lib/ros2_arduino_bridge
[0.820s] copying ros2_arduino_bridge/arduino_node.py -> /home/tony/ros/learn/ros_ardu/build/ros2_arduino_bridge/build/lib/ros2_arduino_bridge
[0.820s] copying ros2_arduino_bridge/base_controller.py -> /home/tony/ros/learn/ros_ardu/build/ros2_arduino_bridge/build/lib/ros2_arduino_bridge
[0.820s] copying ros2_arduino_bridge/__init__.py -> /home/tony/ros/learn/ros_ardu/build/ros2_arduino_bridge/build/lib/ros2_arduino_bridge
[0.820s] copying ros2_arduino_bridge/arduino_driver.py -> /home/tony/ros/learn/ros_ardu/build/ros2_arduino_bridge/build/lib/ros2_arduino_bridge
[0.821s] running install
[0.821s] running install_lib
[0.821s] creating /home/tony/ros/learn/ros_ardu/install/ros2_arduino_bridge/lib/python3.10/site-packages/ros2_arduino_bridge
[0.821s] copying /home/tony/ros/learn/ros_ardu/build/ros2_arduino_bridge/build/lib/ros2_arduino_bridge/arduino_node.py -> /home/tony/ros/learn/ros_ardu/install/ros2_arduino_bridge/lib/python3.10/site-packages/ros2_arduino_bridge
[0.821s] copying /home/tony/ros/learn/ros_ardu/build/ros2_arduino_bridge/build/lib/ros2_arduino_bridge/base_controller.py -> /home/tony/ros/learn/ros_ardu/install/ros2_arduino_bridge/lib/python3.10/site-packages/ros2_arduino_bridge
[0.821s] copying /home/tony/ros/learn/ros_ardu/build/ros2_arduino_bridge/build/lib/ros2_arduino_bridge/__init__.py -> /home/tony/ros/learn/ros_ardu/install/ros2_arduino_bridge/lib/python3.10/site-packages/ros2_arduino_bridge
[0.822s] copying /home/tony/ros/learn/ros_ardu/build/ros2_arduino_bridge/build/lib/ros2_arduino_bridge/arduino_driver.py -> /home/tony/ros/learn/ros_ardu/install/ros2_arduino_bridge/lib/python3.10/site-packages/ros2_arduino_bridge
[0.822s] byte-compiling /home/tony/ros/learn/ros_ardu/install/ros2_arduino_bridge/lib/python3.10/site-packages/ros2_arduino_bridge/arduino_node.py to arduino_node.cpython-310.pyc
[0.822s] byte-compiling /home/tony/ros/learn/ros_ardu/install/ros2_arduino_bridge/lib/python3.10/site-packages/ros2_arduino_bridge/base_controller.py to base_controller.cpython-310.pyc
[0.824s] byte-compiling /home/tony/ros/learn/ros_ardu/install/ros2_arduino_bridge/lib/python3.10/site-packages/ros2_arduino_bridge/__init__.py to __init__.cpython-310.pyc
[0.824s] byte-compiling /home/tony/ros/learn/ros_ardu/install/ros2_arduino_bridge/lib/python3.10/site-packages/ros2_arduino_bridge/arduino_driver.py to arduino_driver.cpython-310.pyc
[0.826s] running install_data
[0.826s] creating /home/tony/ros/learn/ros_ardu/install/ros2_arduino_bridge/share/ament_index
[0.826s] creating /home/tony/ros/learn/ros_ardu/install/ros2_arduino_bridge/share/ament_index/resource_index
[0.826s] creating /home/tony/ros/learn/ros_ardu/install/ros2_arduino_bridge/share/ament_index/resource_index/packages
[0.826s] copying resource/ros2_arduino_bridge -> /home/tony/ros/learn/ros_ardu/install/ros2_arduino_bridge/share/ament_index/resource_index/packages
[0.826s] copying package.xml -> /home/tony/ros/learn/ros_ardu/install/ros2_arduino_bridge/share/ros2_arduino_bridge
[0.826s] copying launch/ros2_arduino.launch.py -> /home/tony/ros/learn/ros_ardu/install/ros2_arduino_bridge/share/ros2_arduino_bridge
[0.826s] creating /home/tony/ros/learn/ros_ardu/install/ros2_arduino_bridge/share/ros2_arduino_bridge/params
[0.826s] copying params/arduino.yaml -> /home/tony/ros/learn/ros_ardu/install/ros2_arduino_bridge/share/ros2_arduino_bridge/params
[0.826s] running install_egg_info
[0.828s] Copying ../../build/ros2_arduino_bridge/ros2_arduino_bridge.egg-info to /home/tony/ros/learn/ros_ardu/install/ros2_arduino_bridge/lib/python3.10/site-packages/ros2_arduino_bridge-0.0.0-py3.10.egg-info
[0.828s] running install_scripts
[0.843s] Installing arduino_node script to /home/tony/ros/learn/ros_ardu/install/ros2_arduino_bridge/lib/ros2_arduino_bridge
[0.843s] writing list of installed files to '/home/tony/ros/learn/ros_ardu/build/ros2_arduino_bridge/install.log'
[0.859s] Invoked command in '/home/tony/ros/learn/ros_ardu/src/ros2_arduino_bridge' returned '0': PYTHONPATH=/home/tony/ros/learn/ros_ardu/build/ros2_arduino_bridge/prefix_override:/home/tony/ros/learn/ros_ardu/install/ros2_arduino_bridge/lib/python3.10/site-packages:${PYTHONPATH} /usr/bin/python3 -W ignore:setup.py install is deprecated setup.py egg_info --egg-base ../../build/ros2_arduino_bridge build --build-base /home/tony/ros/learn/ros_ardu/build/ros2_arduino_bridge/build install --record /home/tony/ros/learn/ros_ardu/build/ros2_arduino_bridge/install.log --single-version-externally-managed install_data
