[0.778s] Invoking command in '/home/tony/ros/learn/ros_ardu/src/robo_bringup': PYTHONPATH=/home/tony/ros/learn/ros_ardu/build/robo_bringup/prefix_override:/home/tony/ros/learn/ros_ardu/install/robo_bringup/lib/python3.10/site-packages:${PYTHONPATH} /usr/bin/python3 -W ignore:setup.py install is deprecated setup.py egg_info --egg-base ../../build/robo_bringup build --build-base /home/tony/ros/learn/ros_ardu/build/robo_bringup/build install --record /home/tony/ros/learn/ros_ardu/build/robo_bringup/install.log --single-version-externally-managed install_data
[0.918s] running egg_info
[0.919s] writing ../../build/robo_bringup/robo_bringup.egg-info/PKG-INFO
[0.919s] writing dependency_links to ../../build/robo_bringup/robo_bringup.egg-info/dependency_links.txt
[0.919s] writing entry points to ../../build/robo_bringup/robo_bringup.egg-info/entry_points.txt
[0.919s] writing requirements to ../../build/robo_bringup/robo_bringup.egg-info/requires.txt
[0.919s] writing top-level names to ../../build/robo_bringup/robo_bringup.egg-info/top_level.txt
[0.921s] reading manifest file '../../build/robo_bringup/robo_bringup.egg-info/SOURCES.txt'
[0.921s] writing manifest file '../../build/robo_bringup/robo_bringup.egg-info/SOURCES.txt'
[0.921s] running build
[0.921s] running build_py
[0.922s] running install
[0.922s] running install_lib
[0.923s] running install_data
[0.923s] copying launch/bringup.launch.py -> /home/tony/ros/learn/ros_ardu/install/robo_bringup/share/robo_bringup/launch
[0.923s] running install_egg_info
[0.924s] removing '/home/tony/ros/learn/ros_ardu/install/robo_bringup/lib/python3.10/site-packages/robo_bringup-0.0.0-py3.10.egg-info' (and everything under it)
[0.925s] Copying ../../build/robo_bringup/robo_bringup.egg-info to /home/tony/ros/learn/ros_ardu/install/robo_bringup/lib/python3.10/site-packages/robo_bringup-0.0.0-py3.10.egg-info
[0.925s] running install_scripts
[0.940s] writing list of installed files to '/home/tony/ros/learn/ros_ardu/build/robo_bringup/install.log'
[0.964s] Invoked command in '/home/tony/ros/learn/ros_ardu/src/robo_bringup' returned '0': PYTHONPATH=/home/tony/ros/learn/ros_ardu/build/robo_bringup/prefix_override:/home/tony/ros/learn/ros_ardu/install/robo_bringup/lib/python3.10/site-packages:${PYTHONPATH} /usr/bin/python3 -W ignore:setup.py install is deprecated setup.py egg_info --egg-base ../../build/robo_bringup build --build-base /home/tony/ros/learn/ros_ardu/build/robo_bringup/build install --record /home/tony/ros/learn/ros_ardu/build/robo_bringup/install.log --single-version-externally-managed install_data
