[0.019s] Invoking command in '/home/tony/ros/learn/ros_ardu/build/ros_arduino_firmware': /usr/bin/cmake /home/tony/ros/learn/ros_ardu/ros_arduino_bridge/ros_arduino_firmware -DCATKIN_INSTALL_INTO_PREFIX_ROOT=0 -DCMAKE_INSTALL_PREFIX=/home/tony/ros/learn/ros_ardu/install/ros_arduino_firmware
[0.332s] -- The C compiler identification is GNU 11.4.0
[0.332s] -- The CXX compiler identification is GNU 11.4.0
[0.332s] -- Detecting C compiler ABI info
[0.332s] -- Detecting C compiler ABI info - done
[0.332s] -- Check for working C compiler: /usr/bin/cc - skipped
[0.332s] -- Detecting C compile features
[0.332s] -- Detecting C compile features - done
[0.332s] -- Detecting CXX compiler ABI info
[0.332s] -- Detecting CXX compiler ABI info - done
[0.332s] -- Check for working CXX compiler: /usr/bin/c++ - skipped
[0.332s] -- Detecting CXX compile features
[0.332s] -- Detecting CXX compile features - done
[0.332s] -- Configuring incomplete, errors occurred!
[0.332s] See also "/home/tony/ros/learn/ros_ardu/build/ros_arduino_firmware/CMakeFiles/CMakeOutput.log".
[0.333s] [0mCMake Deprecation Warning at CMakeLists.txt:1 (cmake_minimum_required):
[0.334s]   Compatibility with CMake < 2.8.12 will be removed from a future version of
[0.334s]   CMake.
[0.334s] 
[0.334s]   Update the VERSION argument <min> value or use a ...<max> suffix to tell
[0.334s]   CMake that the project does not need compatibility with older versions.
[0.334s] 
[0.334s] [0m
[0.334s] [31mCMake Error at CMakeLists.txt:4 (find_package):
[0.334s]   By not providing "Findcatkin.cmake" in CMAKE_MODULE_PATH this project has
[0.335s]   asked CMake to find a package configuration file provided by "catkin", but
[0.335s]   CMake did not find one.
[0.335s] 
[0.335s]   Could not find a package configuration file provided by "catkin" with any
[0.335s]   of the following names:
[0.335s] 
[0.335s]     catkinConfig.cmake
[0.335s]     catkin-config.cmake
[0.335s] 
[0.335s]   Add the installation prefix of "catkin" to CMAKE_PREFIX_PATH or set
[0.335s]   "catkin_DIR" to a directory containing one of the above files.  If "catkin"
[0.335s]   provides a separate development package or SDK, be sure it has been
[0.335s]   installed.
[0.336s] 
[0.336s] [0m
[0.489s] Invoked command in '/home/tony/ros/learn/ros_ardu/build/ros_arduino_firmware' returned '1': /usr/bin/cmake /home/tony/ros/learn/ros_ardu/ros_arduino_bridge/ros_arduino_firmware -DCATKIN_INSTALL_INTO_PREFIX_ROOT=0 -DCMAKE_INSTALL_PREFIX=/home/tony/ros/learn/ros_ardu/install/ros_arduino_firmware
