[0.017s] Invoking command in '/home/tony/ros/learn/ros_ardu/build/ldlidar_sl_ros2': CMAKE_PREFIX_PATH=${CMAKE_PREFIX_PATH}:/home/tony/ros/learn/ros_ardu/install/ros2_arduino_bridge:/home/tony/ros/learn/ros_ardu/install/robo_description:/home/tony/ros/learn/ros_ardu/install/robo_bringup:/opt/ros/humble /usr/bin/cmake --build /home/tony/ros/learn/ros_ardu/build/ldlidar_sl_ros2 -- -j32 -l32
[0.341s] [100%] Built target ldlidar_sl_ros2_node
[0.500s] Invoked command in '/home/tony/ros/learn/ros_ardu/build/ldlidar_sl_ros2' returned '0': CMAKE_PREFIX_PATH=${CMAKE_PREFIX_PATH}:/home/tony/ros/learn/ros_ardu/install/ros2_arduino_bridge:/home/tony/ros/learn/ros_ardu/install/robo_description:/home/tony/ros/learn/ros_ardu/install/robo_bringup:/opt/ros/humble /usr/bin/cmake --build /home/tony/ros/learn/ros_ardu/build/ldlidar_sl_ros2 -- -j32 -l32
[0.533s] Invoking command in '/home/tony/ros/learn/ros_ardu/build/ldlidar_sl_ros2': CMAKE_PREFIX_PATH=${CMAKE_PREFIX_PATH}:/home/tony/ros/learn/ros_ardu/install/ros2_arduino_bridge:/home/tony/ros/learn/ros_ardu/install/robo_description:/home/tony/ros/learn/ros_ardu/install/robo_bringup:/opt/ros/humble /usr/bin/cmake --install /home/tony/ros/learn/ros_ardu/build/ldlidar_sl_ros2
[0.538s] -- Install configuration: ""
[0.538s] -- Up-to-date: /home/tony/ros/learn/ros_ardu/install/ldlidar_sl_ros2/lib/ldlidar_sl_ros2/ldlidar_sl_ros2_node
[0.539s] -- Up-to-date: /home/tony/ros/learn/ros_ardu/install/ldlidar_sl_ros2/share/ldlidar_sl_ros2//launch
[0.539s] -- Up-to-date: /home/tony/ros/learn/ros_ardu/install/ldlidar_sl_ros2/share/ldlidar_sl_ros2//launch/ld14.launch.py
[0.539s] -- Up-to-date: /home/tony/ros/learn/ros_ardu/install/ldlidar_sl_ros2/share/ldlidar_sl_ros2//launch/ld14p.launch.py
[0.539s] -- Up-to-date: /home/tony/ros/learn/ros_ardu/install/ldlidar_sl_ros2/share/ldlidar_sl_ros2//launch/viewer_ld14.launch.py
[0.539s] -- Up-to-date: /home/tony/ros/learn/ros_ardu/install/ldlidar_sl_ros2/share/ldlidar_sl_ros2//launch/viewer_ld14p.launch.py
[0.539s] -- Up-to-date: /home/tony/ros/learn/ros_ardu/install/ldlidar_sl_ros2/share/ldlidar_sl_ros2//rviz2
[0.539s] -- Up-to-date: /home/tony/ros/learn/ros_ardu/install/ldlidar_sl_ros2/share/ldlidar_sl_ros2//rviz2/ldlidar.rviz
[0.540s] -- Up-to-date: /home/tony/ros/learn/ros_ardu/install/ldlidar_sl_ros2/share/ldlidar_sl_ros2//scripts
[0.541s] -- Up-to-date: /home/tony/ros/learn/ros_ardu/install/ldlidar_sl_ros2/share/ldlidar_sl_ros2//scripts/create_udev_rules.sh
[0.541s] -- Up-to-date: /home/tony/ros/learn/ros_ardu/install/ldlidar_sl_ros2/share/ldlidar_sl_ros2//scripts/ldlidar.rules
[0.541s] -- Up-to-date: /home/tony/ros/learn/ros_ardu/install/ldlidar_sl_ros2/share/ldlidar_sl_ros2//scripts/delete_udev_rules.sh
[0.541s] -- Up-to-date: /home/tony/ros/learn/ros_ardu/install/ldlidar_sl_ros2/share/ament_index/resource_index/package_run_dependencies/ldlidar_sl_ros2
[0.541s] -- Up-to-date: /home/tony/ros/learn/ros_ardu/install/ldlidar_sl_ros2/share/ament_index/resource_index/parent_prefix_path/ldlidar_sl_ros2
[0.541s] -- Up-to-date: /home/tony/ros/learn/ros_ardu/install/ldlidar_sl_ros2/share/ldlidar_sl_ros2/environment/ament_prefix_path.sh
[0.542s] -- Up-to-date: /home/tony/ros/learn/ros_ardu/install/ldlidar_sl_ros2/share/ldlidar_sl_ros2/environment/ament_prefix_path.dsv
[0.542s] -- Up-to-date: /home/tony/ros/learn/ros_ardu/install/ldlidar_sl_ros2/share/ldlidar_sl_ros2/environment/path.sh
[0.542s] -- Up-to-date: /home/tony/ros/learn/ros_ardu/install/ldlidar_sl_ros2/share/ldlidar_sl_ros2/environment/path.dsv
[0.542s] -- Up-to-date: /home/tony/ros/learn/ros_ardu/install/ldlidar_sl_ros2/share/ldlidar_sl_ros2/local_setup.bash
[0.543s] -- Up-to-date: /home/tony/ros/learn/ros_ardu/install/ldlidar_sl_ros2/share/ldlidar_sl_ros2/local_setup.sh
[0.543s] -- Up-to-date: /home/tony/ros/learn/ros_ardu/install/ldlidar_sl_ros2/share/ldlidar_sl_ros2/local_setup.zsh
[0.543s] -- Up-to-date: /home/tony/ros/learn/ros_ardu/install/ldlidar_sl_ros2/share/ldlidar_sl_ros2/local_setup.dsv
[0.543s] -- Installing: /home/tony/ros/learn/ros_ardu/install/ldlidar_sl_ros2/share/ldlidar_sl_ros2/package.dsv
[0.543s] -- Up-to-date: /home/tony/ros/learn/ros_ardu/install/ldlidar_sl_ros2/share/ament_index/resource_index/packages/ldlidar_sl_ros2
[0.544s] -- Up-to-date: /home/tony/ros/learn/ros_ardu/install/ldlidar_sl_ros2/share/ldlidar_sl_ros2/cmake/ldlidar_sl_ros2Config.cmake
[0.544s] -- Up-to-date: /home/tony/ros/learn/ros_ardu/install/ldlidar_sl_ros2/share/ldlidar_sl_ros2/cmake/ldlidar_sl_ros2Config-version.cmake
[0.544s] -- Up-to-date: /home/tony/ros/learn/ros_ardu/install/ldlidar_sl_ros2/share/ldlidar_sl_ros2/package.xml
[0.545s] Invoked command in '/home/tony/ros/learn/ros_ardu/build/ldlidar_sl_ros2' returned '0': CMAKE_PREFIX_PATH=${CMAKE_PREFIX_PATH}:/home/tony/ros/learn/ros_ardu/install/ros2_arduino_bridge:/home/tony/ros/learn/ros_ardu/install/robo_description:/home/tony/ros/learn/ros_ardu/install/robo_bringup:/opt/ros/humble /usr/bin/cmake --install /home/tony/ros/learn/ros_ardu/build/ldlidar_sl_ros2
