[0.769s] Invoking command in '/home/tony/ros/learn/ros_ardu/src/ros2_arduino_bridge': PYTHONPATH=/home/tony/ros/learn/ros_ardu/build/ros2_arduino_bridge/prefix_override:/home/tony/ros/learn/ros_ardu/install/ros2_arduino_bridge/lib/python3.10/site-packages:${PYTHONPATH} /usr/bin/python3 -W ignore:setup.py install is deprecated setup.py egg_info --egg-base ../../build/ros2_arduino_bridge build --build-base /home/tony/ros/learn/ros_ardu/build/ros2_arduino_bridge/build install --record /home/tony/ros/learn/ros_ardu/build/ros2_arduino_bridge/install.log --single-version-externally-managed install_data
[0.911s] running egg_info
[0.911s] writing ../../build/ros2_arduino_bridge/ros2_arduino_bridge.egg-info/PKG-INFO
[0.911s] writing dependency_links to ../../build/ros2_arduino_bridge/ros2_arduino_bridge.egg-info/dependency_links.txt
[0.911s] writing entry points to ../../build/ros2_arduino_bridge/ros2_arduino_bridge.egg-info/entry_points.txt
[0.911s] writing requirements to ../../build/ros2_arduino_bridge/ros2_arduino_bridge.egg-info/requires.txt
[0.911s] writing top-level names to ../../build/ros2_arduino_bridge/ros2_arduino_bridge.egg-info/top_level.txt
[0.912s] reading manifest file '../../build/ros2_arduino_bridge/ros2_arduino_bridge.egg-info/SOURCES.txt'
[0.914s] writing manifest file '../../build/ros2_arduino_bridge/ros2_arduino_bridge.egg-info/SOURCES.txt'
[0.914s] running build
[0.914s] running build_py
[0.914s] running install
[0.914s] running install_lib
[0.915s] running install_data
[0.915s] running install_egg_info
[0.917s] removing '/home/tony/ros/learn/ros_ardu/install/ros2_arduino_bridge/lib/python3.10/site-packages/ros2_arduino_bridge-0.0.0-py3.10.egg-info' (and everything under it)
[0.917s] Copying ../../build/ros2_arduino_bridge/ros2_arduino_bridge.egg-info to /home/tony/ros/learn/ros_ardu/install/ros2_arduino_bridge/lib/python3.10/site-packages/ros2_arduino_bridge-0.0.0-py3.10.egg-info
[0.918s] running install_scripts
[0.932s] Installing arduino_node script to /home/tony/ros/learn/ros_ardu/install/ros2_arduino_bridge/lib/ros2_arduino_bridge
[0.933s] writing list of installed files to '/home/tony/ros/learn/ros_ardu/build/ros2_arduino_bridge/install.log'
[0.952s] Invoked command in '/home/tony/ros/learn/ros_ardu/src/ros2_arduino_bridge' returned '0': PYTHONPATH=/home/tony/ros/learn/ros_ardu/build/ros2_arduino_bridge/prefix_override:/home/tony/ros/learn/ros_ardu/install/ros2_arduino_bridge/lib/python3.10/site-packages:${PYTHONPATH} /usr/bin/python3 -W ignore:setup.py install is deprecated setup.py egg_info --egg-base ../../build/ros2_arduino_bridge build --build-base /home/tony/ros/learn/ros_ardu/build/ros2_arduino_bridge/build install --record /home/tony/ros/learn/ros_ardu/build/ros2_arduino_bridge/install.log --single-version-externally-managed install_data
