[0.012s] Invoking command in '/home/tony/ros/learn/ros_ardu/build/ldlidar_sl_ros2': CMAKE_PREFIX_PATH=/opt/ros/humble /usr/bin/cmake /home/tony/ros/learn/ros_ardu/src/ldlidar_sl_ros2 -DCMAKE_INSTALL_PREFIX=/home/tony/ros/learn/ros_ardu/install/ldlidar_sl_ros2
[0.165s] -- The C compiler identification is GNU 11.4.0
[0.165s] -- The CXX compiler identification is GNU 11.4.0
[0.165s] -- Detecting C compiler ABI info
[0.194s] -- Detecting C compiler ABI info - done
[0.199s] -- Check for working C compiler: /usr/bin/cc - skipped
[0.200s] -- Detecting C compile features
[0.200s] -- Detecting C compile features - done
[0.203s] -- Detecting CXX compiler ABI info
[0.260s] -- Detecting CXX compiler ABI info - done
[0.265s] -- Check for working CXX compiler: /usr/bin/c++ - skipped
[0.265s] -- Detecting CXX compile features
[0.265s] -- Detecting CXX compile features - done
[0.267s] -- Found ament_cmake: 1.3.8 (/opt/ros/humble/share/ament_cmake/cmake)
[0.378s] -- Found Python3: /usr/bin/python3 (found version "3.10.12") found components: Interpreter 
[0.445s] -- Found rclcpp: 16.0.8 (/opt/ros/humble/share/rclcpp/cmake)
[0.479s] -- Found rosidl_generator_c: 3.1.5 (/opt/ros/humble/share/rosidl_generator_c/cmake)
[0.483s] -- Found rosidl_adapter: 3.1.5 (/opt/ros/humble/share/rosidl_adapter/cmake)
[0.489s] -- Found rosidl_generator_cpp: 3.1.5 (/opt/ros/humble/share/rosidl_generator_cpp/cmake)
[0.500s] -- Using all available rosidl_typesupport_c: rosidl_typesupport_fastrtps_c;rosidl_typesupport_introspection_c
[0.515s] -- Using all available rosidl_typesupport_cpp: rosidl_typesupport_fastrtps_cpp;rosidl_typesupport_introspection_cpp
[0.570s] -- Found rmw_implementation_cmake: 6.1.1 (/opt/ros/humble/share/rmw_implementation_cmake/cmake)
[0.572s] -- Found rmw_fastrtps_cpp: 6.2.6 (/opt/ros/humble/share/rmw_fastrtps_cpp/cmake)
[0.649s] -- Found OpenSSL: /usr/lib/x86_64-linux-gnu/libcrypto.so (found version "3.0.2")  
[0.669s] -- Found FastRTPS: /opt/ros/humble/include  
[0.700s] -- Using RMW implementation 'rmw_fastrtps_cpp' as default
[0.707s] -- Looking for pthread.h
[0.762s] -- Looking for pthread.h - found
[0.762s] -- Performing Test CMAKE_HAVE_LIBC_PTHREAD
[0.812s] -- Performing Test CMAKE_HAVE_LIBC_PTHREAD - Success
[0.813s] -- Found Threads: TRUE  
[0.918s] -- Found sensor_msgs: 4.2.3 (/opt/ros/humble/share/sensor_msgs/cmake)
[1.002s] -- Found ament_lint_auto: 0.12.10 (/opt/ros/humble/share/ament_lint_auto/cmake)
[1.058s] -- Added test 'copyright' to check source files copyright and LICENSE
[1.060s] -- Added test 'cppcheck' to perform static code analysis on C / C++ code
[1.061s] -- Configured cppcheck include dirs: /home/tony/ros/learn/ros_ardu/src/ldlidar_sl_ros2/include;/home/tony/ros/learn/ros_ardu/src/ldlidar_sl_ros2/ldlidar_driver/include
[1.061s] -- Configured cppcheck exclude dirs and/or files: 
[1.062s] -- Added test 'cpplint' to check C / C++ code against the Google style
[1.062s] -- Configured cpplint exclude dirs and/or files: 
[1.063s] -- Added test 'flake8' to check Python code syntax and style conventions
[1.063s] -- Added test 'lint_cmake' to check CMake code style
[1.064s] -- Added test 'pep257' to check Python code against some of the docstring style conventions in PEP 257
[1.066s] -- Added test 'uncrustify' to check C / C++ code style
[1.066s] -- Configured uncrustify additional arguments: 
[1.066s] -- Added test 'xmllint' to check XML markup files
[1.067s] -- Configuring done
[1.072s] -- Generating done
[1.073s] -- Build files have been written to: /home/tony/ros/learn/ros_ardu/build/ldlidar_sl_ros2
[1.080s] Invoked command in '/home/tony/ros/learn/ros_ardu/build/ldlidar_sl_ros2' returned '0': CMAKE_PREFIX_PATH=/opt/ros/humble /usr/bin/cmake /home/tony/ros/learn/ros_ardu/src/ldlidar_sl_ros2 -DCMAKE_INSTALL_PREFIX=/home/tony/ros/learn/ros_ardu/install/ldlidar_sl_ros2
[1.081s] Invoking command in '/home/tony/ros/learn/ros_ardu/build/ldlidar_sl_ros2': CMAKE_PREFIX_PATH=/opt/ros/humble /usr/bin/cmake --build /home/tony/ros/learn/ros_ardu/build/ldlidar_sl_ros2 -- -j32 -l32
[1.123s] [ 12%] [32mBuilding CXX object CMakeFiles/ldlidar_sl_ros2_node.dir/src/demo.cpp.o[0m
[1.125s] [ 25%] [32mBuilding CXX object CMakeFiles/ldlidar_sl_ros2_node.dir/ldlidar_driver/src/ldlidar_driver.cpp.o[0m
[1.125s] [ 62%] [32mBuilding CXX object CMakeFiles/ldlidar_sl_ros2_node.dir/ldlidar_driver/src/log_module.cpp.o[0m
[1.126s] [ 62%] [32mBuilding CXX object CMakeFiles/ldlidar_sl_ros2_node.dir/ldlidar_driver/src/lipkg.cpp.o[0m
[1.126s] [ 62%] [32mBuilding CXX object CMakeFiles/ldlidar_sl_ros2_node.dir/ldlidar_driver/src/sl_transform.cpp.o[0m
[1.126s] [ 75%] [32mBuilding CXX object CMakeFiles/ldlidar_sl_ros2_node.dir/ldlidar_driver/src/serial_interface_linux.cpp.o[0m
[1.127s] [ 87%] [32mBuilding CXX object CMakeFiles/ldlidar_sl_ros2_node.dir/ldlidar_driver/src/slbf.cpp.o[0m
[4.054s] [100%] [32m[1mLinking CXX executable ldlidar_sl_ros2_node[0m
[4.197s] [100%] Built target ldlidar_sl_ros2_node
[4.204s] Invoked command in '/home/tony/ros/learn/ros_ardu/build/ldlidar_sl_ros2' returned '0': CMAKE_PREFIX_PATH=/opt/ros/humble /usr/bin/cmake --build /home/tony/ros/learn/ros_ardu/build/ldlidar_sl_ros2 -- -j32 -l32
[4.237s] Invoking command in '/home/tony/ros/learn/ros_ardu/build/ldlidar_sl_ros2': CMAKE_PREFIX_PATH=/opt/ros/humble /usr/bin/cmake --install /home/tony/ros/learn/ros_ardu/build/ldlidar_sl_ros2
[4.242s] -- Install configuration: ""
[4.242s] -- Installing: /home/tony/ros/learn/ros_ardu/install/ldlidar_sl_ros2/lib/ldlidar_sl_ros2/ldlidar_sl_ros2_node
[4.243s] -- Set runtime path of "/home/tony/ros/learn/ros_ardu/install/ldlidar_sl_ros2/lib/ldlidar_sl_ros2/ldlidar_sl_ros2_node" to ""
[4.243s] -- Installing: /home/tony/ros/learn/ros_ardu/install/ldlidar_sl_ros2/share/ldlidar_sl_ros2//launch
[4.243s] -- Installing: /home/tony/ros/learn/ros_ardu/install/ldlidar_sl_ros2/share/ldlidar_sl_ros2//launch/ld14.launch.py
[4.243s] -- Installing: /home/tony/ros/learn/ros_ardu/install/ldlidar_sl_ros2/share/ldlidar_sl_ros2//launch/ld14p.launch.py
[4.243s] -- Installing: /home/tony/ros/learn/ros_ardu/install/ldlidar_sl_ros2/share/ldlidar_sl_ros2//launch/viewer_ld14.launch.py
[4.244s] -- Installing: /home/tony/ros/learn/ros_ardu/install/ldlidar_sl_ros2/share/ldlidar_sl_ros2//launch/viewer_ld14p.launch.py
[4.244s] -- Installing: /home/tony/ros/learn/ros_ardu/install/ldlidar_sl_ros2/share/ldlidar_sl_ros2//rviz2
[4.244s] -- Installing: /home/tony/ros/learn/ros_ardu/install/ldlidar_sl_ros2/share/ldlidar_sl_ros2//rviz2/ldlidar.rviz
[4.244s] -- Installing: /home/tony/ros/learn/ros_ardu/install/ldlidar_sl_ros2/share/ldlidar_sl_ros2//scripts
[4.244s] -- Installing: /home/tony/ros/learn/ros_ardu/install/ldlidar_sl_ros2/share/ldlidar_sl_ros2//scripts/create_udev_rules.sh
[4.244s] -- Installing: /home/tony/ros/learn/ros_ardu/install/ldlidar_sl_ros2/share/ldlidar_sl_ros2//scripts/ldlidar.rules
[4.244s] -- Installing: /home/tony/ros/learn/ros_ardu/install/ldlidar_sl_ros2/share/ldlidar_sl_ros2//scripts/delete_udev_rules.sh
[4.244s] -- Installing: /home/tony/ros/learn/ros_ardu/install/ldlidar_sl_ros2/share/ament_index/resource_index/package_run_dependencies/ldlidar_sl_ros2
[4.244s] -- Installing: /home/tony/ros/learn/ros_ardu/install/ldlidar_sl_ros2/share/ament_index/resource_index/parent_prefix_path/ldlidar_sl_ros2
[4.244s] -- Installing: /home/tony/ros/learn/ros_ardu/install/ldlidar_sl_ros2/share/ldlidar_sl_ros2/environment/ament_prefix_path.sh
[4.244s] -- Installing: /home/tony/ros/learn/ros_ardu/install/ldlidar_sl_ros2/share/ldlidar_sl_ros2/environment/ament_prefix_path.dsv
[4.244s] -- Installing: /home/tony/ros/learn/ros_ardu/install/ldlidar_sl_ros2/share/ldlidar_sl_ros2/environment/path.sh
[4.244s] -- Installing: /home/tony/ros/learn/ros_ardu/install/ldlidar_sl_ros2/share/ldlidar_sl_ros2/environment/path.dsv
[4.244s] -- Installing: /home/tony/ros/learn/ros_ardu/install/ldlidar_sl_ros2/share/ldlidar_sl_ros2/local_setup.bash
[4.244s] -- Installing: /home/tony/ros/learn/ros_ardu/install/ldlidar_sl_ros2/share/ldlidar_sl_ros2/local_setup.sh
[4.244s] -- Installing: /home/tony/ros/learn/ros_ardu/install/ldlidar_sl_ros2/share/ldlidar_sl_ros2/local_setup.zsh
[4.244s] -- Installing: /home/tony/ros/learn/ros_ardu/install/ldlidar_sl_ros2/share/ldlidar_sl_ros2/local_setup.dsv
[4.244s] -- Installing: /home/tony/ros/learn/ros_ardu/install/ldlidar_sl_ros2/share/ldlidar_sl_ros2/package.dsv
[4.245s] -- Installing: /home/tony/ros/learn/ros_ardu/install/ldlidar_sl_ros2/share/ament_index/resource_index/packages/ldlidar_sl_ros2
[4.245s] -- Installing: /home/tony/ros/learn/ros_ardu/install/ldlidar_sl_ros2/share/ldlidar_sl_ros2/cmake/ldlidar_sl_ros2Config.cmake
[4.245s] -- Installing: /home/tony/ros/learn/ros_ardu/install/ldlidar_sl_ros2/share/ldlidar_sl_ros2/cmake/ldlidar_sl_ros2Config-version.cmake
[4.245s] -- Installing: /home/tony/ros/learn/ros_ardu/install/ldlidar_sl_ros2/share/ldlidar_sl_ros2/package.xml
[4.246s] Invoked command in '/home/tony/ros/learn/ros_ardu/build/ldlidar_sl_ros2' returned '0': CMAKE_PREFIX_PATH=/opt/ros/humble /usr/bin/cmake --install /home/tony/ros/learn/ros_ardu/build/ldlidar_sl_ros2
