[0.789s] Invoking command in '/home/tony/ros/learn/ros_ardu/src/robo_bringup': PYTHONPATH=/home/tony/ros/learn/ros_ardu/build/robo_bringup/prefix_override:/home/tony/ros/learn/ros_ardu/install/robo_bringup/lib/python3.10/site-packages:${PYTHONPATH} /usr/bin/python3 -W ignore:setup.py install is deprecated setup.py egg_info --egg-base ../../build/robo_bringup build --build-base /home/tony/ros/learn/ros_ardu/build/robo_bringup/build install --record /home/tony/ros/learn/ros_ardu/build/robo_bringup/install.log --single-version-externally-managed install_data
[0.931s] running egg_info
[0.931s] creating ../../build/robo_bringup/robo_bringup.egg-info
[0.932s] writing ../../build/robo_bringup/robo_bringup.egg-info/PKG-INFO
[0.932s] writing dependency_links to ../../build/robo_bringup/robo_bringup.egg-info/dependency_links.txt
[0.932s] writing entry points to ../../build/robo_bringup/robo_bringup.egg-info/entry_points.txt
[0.932s] writing requirements to ../../build/robo_bringup/robo_bringup.egg-info/requires.txt
[0.933s] writing top-level names to ../../build/robo_bringup/robo_bringup.egg-info/top_level.txt
[0.933s] writing manifest file '../../build/robo_bringup/robo_bringup.egg-info/SOURCES.txt'
[0.933s] reading manifest file '../../build/robo_bringup/robo_bringup.egg-info/SOURCES.txt'
[0.935s] writing manifest file '../../build/robo_bringup/robo_bringup.egg-info/SOURCES.txt'
[0.935s] running build
[0.935s] running build_py
[0.935s] creating /home/tony/ros/learn/ros_ardu/build/robo_bringup/build
[0.935s] creating /home/tony/ros/learn/ros_ardu/build/robo_bringup/build/lib
[0.935s] creating /home/tony/ros/learn/ros_ardu/build/robo_bringup/build/lib/robo_bringup
[0.935s] copying robo_bringup/__init__.py -> /home/tony/ros/learn/ros_ardu/build/robo_bringup/build/lib/robo_bringup
[0.936s] running install
[0.936s] running install_lib
[0.936s] creating /home/tony/ros/learn/ros_ardu/install/robo_bringup/lib/python3.10/site-packages/robo_bringup
[0.936s] copying /home/tony/ros/learn/ros_ardu/build/robo_bringup/build/lib/robo_bringup/__init__.py -> /home/tony/ros/learn/ros_ardu/install/robo_bringup/lib/python3.10/site-packages/robo_bringup
[0.936s] byte-compiling /home/tony/ros/learn/ros_ardu/install/robo_bringup/lib/python3.10/site-packages/robo_bringup/__init__.py to __init__.cpython-310.pyc
[0.937s] running install_data
[0.937s] creating /home/tony/ros/learn/ros_ardu/install/robo_bringup/share/ament_index
[0.937s] creating /home/tony/ros/learn/ros_ardu/install/robo_bringup/share/ament_index/resource_index
[0.937s] creating /home/tony/ros/learn/ros_ardu/install/robo_bringup/share/ament_index/resource_index/packages
[0.937s] copying resource/robo_bringup -> /home/tony/ros/learn/ros_ardu/install/robo_bringup/share/ament_index/resource_index/packages
[0.937s] copying package.xml -> /home/tony/ros/learn/ros_ardu/install/robo_bringup/share/robo_bringup
[0.937s] running install_egg_info
[0.938s] Copying ../../build/robo_bringup/robo_bringup.egg-info to /home/tony/ros/learn/ros_ardu/install/robo_bringup/lib/python3.10/site-packages/robo_bringup-0.0.0-py3.10.egg-info
[0.938s] running install_scripts
[0.950s] writing list of installed files to '/home/tony/ros/learn/ros_ardu/build/robo_bringup/install.log'
[0.969s] Invoked command in '/home/tony/ros/learn/ros_ardu/src/robo_bringup' returned '0': PYTHONPATH=/home/tony/ros/learn/ros_ardu/build/robo_bringup/prefix_override:/home/tony/ros/learn/ros_ardu/install/robo_bringup/lib/python3.10/site-packages:${PYTHONPATH} /usr/bin/python3 -W ignore:setup.py install is deprecated setup.py egg_info --egg-base ../../build/robo_bringup build --build-base /home/tony/ros/learn/ros_ardu/build/robo_bringup/build install --record /home/tony/ros/learn/ros_ardu/build/robo_bringup/install.log --single-version-externally-managed install_data
