[0.800s] Invoking command in '/home/tony/ros/learn/ros_ardu/src/robo_bringup': PYTHONPATH=/home/tony/ros/learn/ros_ardu/build/robo_bringup/prefix_override:/home/tony/ros/learn/ros_ardu/install/robo_bringup/lib/python3.10/site-packages:${PYTHONPATH} /usr/bin/python3 -W ignore:setup.py install is deprecated setup.py egg_info --egg-base ../../build/robo_bringup build --build-base /home/tony/ros/learn/ros_ardu/build/robo_bringup/build install --record /home/tony/ros/learn/ros_ardu/build/robo_bringup/install.log --single-version-externally-managed install_data
[0.942s] running egg_info
[0.943s] writing ../../build/robo_bringup/robo_bringup.egg-info/PKG-INFO
[0.943s] writing dependency_links to ../../build/robo_bringup/robo_bringup.egg-info/dependency_links.txt
[0.943s] writing entry points to ../../build/robo_bringup/robo_bringup.egg-info/entry_points.txt
[0.943s] writing requirements to ../../build/robo_bringup/robo_bringup.egg-info/requires.txt
[0.943s] writing top-level names to ../../build/robo_bringup/robo_bringup.egg-info/top_level.txt
[0.944s] reading manifest file '../../build/robo_bringup/robo_bringup.egg-info/SOURCES.txt'
[0.945s] writing manifest file '../../build/robo_bringup/robo_bringup.egg-info/SOURCES.txt'
[0.945s] running build
[0.945s] running build_py
[0.945s] running install
[0.945s] running install_lib
[0.945s] running install_data
[0.945s] running install_egg_info
[0.947s] removing '/home/tony/ros/learn/ros_ardu/install/robo_bringup/lib/python3.10/site-packages/robo_bringup-0.0.0-py3.10.egg-info' (and everything under it)
[0.947s] Copying ../../build/robo_bringup/robo_bringup.egg-info to /home/tony/ros/learn/ros_ardu/install/robo_bringup/lib/python3.10/site-packages/robo_bringup-0.0.0-py3.10.egg-info
[0.948s] running install_scripts
[0.961s] writing list of installed files to '/home/tony/ros/learn/ros_ardu/build/robo_bringup/install.log'
[0.980s] Invoked command in '/home/tony/ros/learn/ros_ardu/src/robo_bringup' returned '0': PYTHONPATH=/home/tony/ros/learn/ros_ardu/build/robo_bringup/prefix_override:/home/tony/ros/learn/ros_ardu/install/robo_bringup/lib/python3.10/site-packages:${PYTHONPATH} /usr/bin/python3 -W ignore:setup.py install is deprecated setup.py egg_info --egg-base ../../build/robo_bringup build --build-base /home/tony/ros/learn/ros_ardu/build/robo_bringup/build install --record /home/tony/ros/learn/ros_ardu/build/robo_bringup/install.log --single-version-externally-managed install_data
