[0.766s] Invoking command in '/home/tony/ros/learn/ros_ardu/src/robo_description': PYTHONPATH=/home/tony/ros/learn/ros_ardu/build/robo_description/prefix_override:/home/tony/ros/learn/ros_ardu/install/robo_description/lib/python3.10/site-packages:${PYTHONPATH} /usr/bin/python3 -W ignore:setup.py install is deprecated setup.py egg_info --egg-base ../../build/robo_description build --build-base /home/tony/ros/learn/ros_ardu/build/robo_description/build install --record /home/tony/ros/learn/ros_ardu/build/robo_description/install.log --single-version-externally-managed install_data
[0.909s] running egg_info
[0.910s] writing ../../build/robo_description/robo_description.egg-info/PKG-INFO
[0.910s] writing dependency_links to ../../build/robo_description/robo_description.egg-info/dependency_links.txt
[0.910s] writing entry points to ../../build/robo_description/robo_description.egg-info/entry_points.txt
[0.910s] writing requirements to ../../build/robo_description/robo_description.egg-info/requires.txt
[0.910s] writing top-level names to ../../build/robo_description/robo_description.egg-info/top_level.txt
[0.912s] reading manifest file '../../build/robo_description/robo_description.egg-info/SOURCES.txt'
[0.913s] writing manifest file '../../build/robo_description/robo_description.egg-info/SOURCES.txt'
[0.913s] running build
[0.913s] running build_py
[0.913s] running install
[0.913s] running install_lib
[0.914s] running install_data
[0.914s] running install_egg_info
[0.917s] removing '/home/tony/ros/learn/ros_ardu/install/robo_description/lib/python3.10/site-packages/robo_description-0.0.0-py3.10.egg-info' (and everything under it)
[0.917s] Copying ../../build/robo_description/robo_description.egg-info to /home/tony/ros/learn/ros_ardu/install/robo_description/lib/python3.10/site-packages/robo_description-0.0.0-py3.10.egg-info
[0.918s] running install_scripts
[0.933s] writing list of installed files to '/home/tony/ros/learn/ros_ardu/build/robo_description/install.log'
[0.949s] Invoked command in '/home/tony/ros/learn/ros_ardu/src/robo_description' returned '0': PYTHONPATH=/home/tony/ros/learn/ros_ardu/build/robo_description/prefix_override:/home/tony/ros/learn/ros_ardu/install/robo_description/lib/python3.10/site-packages:${PYTHONPATH} /usr/bin/python3 -W ignore:setup.py install is deprecated setup.py egg_info --egg-base ../../build/robo_description build --build-base /home/tony/ros/learn/ros_ardu/build/robo_description/build install --record /home/tony/ros/learn/ros_ardu/build/robo_description/install.log --single-version-externally-managed install_data
